This is pdfTeX, Version 3.14159265-2.6-1.40.16 (TeX Live 2015) (preloaded format=pdflatex 2015.5.24)  26 OCT 2016 05:36
entering extended mode
 restricted \write18 enabled.
 %&-line parsing enabled.
**writeup2.tex
(./writeup2.tex
LaTeX2e <2015/01/01>
Babel <3.9l> and hyphenation patterns for 79 languages loaded.
(./article.cls
Document Class: article 2000/05/19 v1.4b Standard LaTeX document class
(/usr/local/texlive/2015/texmf-dist/tex/latex/base/size10.clo
File: size10.clo 2014/09/29 v1.4h Standard LaTeX file (size option)
)
\c@part=\count79
\c@section=\count80
\c@subsection=\count81
\c@subsubsection=\count82
\c@paragraph=\count83
\c@subparagraph=\count84
\c@figure=\count85
\c@table=\count86
\abovecaptionskip=\skip41
\belowcaptionskip=\skip42
\bibindent=\dimen102
)
(/usr/local/texlive/2015/texmf-dist/tex/latex/geometry/geometry.sty
Package: geometry 2010/09/12 v5.6 Page Geometry

(/usr/local/texlive/2015/texmf-dist/tex/latex/graphics/keyval.sty
Package: keyval 2014/10/28 v1.15 key=value parser (DPC)
\KV@toks@=\toks14
)
(/usr/local/texlive/2015/texmf-dist/tex/generic/oberdiek/ifpdf.sty
Package: ifpdf 2011/01/30 v2.3 Provides the ifpdf switch (HO)
Package ifpdf Info: pdfTeX in PDF mode is detected.
)
(/usr/local/texlive/2015/texmf-dist/tex/generic/oberdiek/ifvtex.sty
Package: ifvtex 2010/03/01 v1.5 Detect VTeX and its facilities (HO)
Package ifvtex Info: VTeX not detected.
)
(/usr/local/texlive/2015/texmf-dist/tex/generic/ifxetex/ifxetex.sty
Package: ifxetex 2010/09/12 v0.6 Provides ifxetex conditional
)
\Gm@cnth=\count87
\Gm@cntv=\count88
\c@Gm@tempcnt=\count89
\Gm@bindingoffset=\dimen103
\Gm@wd@mp=\dimen104
\Gm@odd@mp=\dimen105
\Gm@even@mp=\dimen106
\Gm@layoutwidth=\dimen107
\Gm@layoutheight=\dimen108
\Gm@layouthoffset=\dimen109
\Gm@layoutvoffset=\dimen110
\Gm@dimlist=\toks15
)
(/usr/local/texlive/2015/texmf-dist/tex/latex/graphics/epsfig.sty
Package: epsfig 1999/02/16 v1.7a (e)psfig emulation (SPQR)

(/usr/local/texlive/2015/texmf-dist/tex/latex/graphics/graphicx.sty
Package: graphicx 2014/10/28 v1.0g Enhanced LaTeX Graphics (DPC,SPQR)

(/usr/local/texlive/2015/texmf-dist/tex/latex/graphics/graphics.sty
Package: graphics 2014/10/28 v1.0p Standard LaTeX Graphics (DPC,SPQR)

(/usr/local/texlive/2015/texmf-dist/tex/latex/graphics/trig.sty
Package: trig 1999/03/16 v1.09 sin cos tan (DPC)
)
(/usr/local/texlive/2015/texmf-dist/tex/latex/latexconfig/graphics.cfg
File: graphics.cfg 2010/04/23 v1.9 graphics configuration of TeX Live
)
Package graphics Info: Driver file: pdftex.def on input line 94.

(/usr/local/texlive/2015/texmf-dist/tex/latex/pdftex-def/pdftex.def
File: pdftex.def 2011/05/27 v0.06d Graphics/color for pdfTeX

(/usr/local/texlive/2015/texmf-dist/tex/generic/oberdiek/infwarerr.sty
Package: infwarerr 2010/04/08 v1.3 Providing info/warning/error messages (HO)
)
(/usr/local/texlive/2015/texmf-dist/tex/generic/oberdiek/ltxcmds.sty
Package: ltxcmds 2011/11/09 v1.22 LaTeX kernel commands for general use (HO)
)
\Gread@gobject=\count90
))
\Gin@req@height=\dimen111
\Gin@req@width=\dimen112
)
\epsfxsize=\dimen113
\epsfysize=\dimen114
)
(/usr/local/texlive/2015/texmf-dist/tex/latex/tools/calc.sty
Package: calc 2014/10/28 v4.3 Infix arithmetic (KKT,FJ)
\calc@Acount=\count91
\calc@Bcount=\count92
\calc@Adimen=\dimen115
\calc@Bdimen=\dimen116
\calc@Askip=\skip43
\calc@Bskip=\skip44
LaTeX Info: Redefining \setlength on input line 80.
LaTeX Info: Redefining \addtolength on input line 81.
\calc@Ccount=\count93
\calc@Cskip=\skip45
)
(/usr/local/texlive/2015/texmf-dist/tex/latex/amsfonts/amssymb.sty
Package: amssymb 2013/01/14 v3.01 AMS font symbols

(/usr/local/texlive/2015/texmf-dist/tex/latex/amsfonts/amsfonts.sty
Package: amsfonts 2013/01/14 v3.01 Basic AMSFonts support
\@emptytoks=\toks16
\symAMSa=\mathgroup4
\symAMSb=\mathgroup5
LaTeX Font Info:    Overwriting math alphabet `\mathfrak' in version `bold'
(Font)                  U/euf/m/n --> U/euf/b/n on input line 106.
))
(/usr/local/texlive/2015/texmf-dist/tex/latex/amsmath/amstext.sty
Package: amstext 2000/06/29 v2.01

(/usr/local/texlive/2015/texmf-dist/tex/latex/amsmath/amsgen.sty
File: amsgen.sty 1999/11/30 v2.0
\@emptytoks=\toks17
\ex@=\dimen117
))
(/usr/local/texlive/2015/texmf-dist/tex/latex/amsmath/amsmath.sty
Package: amsmath 2013/01/14 v2.14 AMS math features
\@mathmargin=\skip46

For additional information on amsmath, use the `?' option.
(/usr/local/texlive/2015/texmf-dist/tex/latex/amsmath/amsbsy.sty
Package: amsbsy 1999/11/29 v1.2d
\pmbraise@=\dimen118
)
(/usr/local/texlive/2015/texmf-dist/tex/latex/amsmath/amsopn.sty
Package: amsopn 1999/12/14 v2.01 operator names
)
\inf@bad=\count94
LaTeX Info: Redefining \frac on input line 210.
\uproot@=\count95
\leftroot@=\count96
LaTeX Info: Redefining \overline on input line 306.
\classnum@=\count97
\DOTSCASE@=\count98
LaTeX Info: Redefining \ldots on input line 378.
LaTeX Info: Redefining \dots on input line 381.
LaTeX Info: Redefining \cdots on input line 466.
\Mathstrutbox@=\box26
\strutbox@=\box27
\big@size=\dimen119
LaTeX Font Info:    Redeclaring font encoding OML on input line 566.
LaTeX Font Info:    Redeclaring font encoding OMS on input line 567.
\macc@depth=\count99
\c@MaxMatrixCols=\count100
\dotsspace@=\muskip10
\c@parentequation=\count101
\dspbrk@lvl=\count102
\tag@help=\toks18
\row@=\count103
\column@=\count104
\maxfields@=\count105
\andhelp@=\toks19
\eqnshift@=\dimen120
\alignsep@=\dimen121
\tagshift@=\dimen122
\tagwidth@=\dimen123
\totwidth@=\dimen124
\lineht@=\dimen125
\@envbody=\toks20
\multlinegap=\skip47
\multlinetaggap=\skip48
\mathdisplay@stack=\toks21
LaTeX Info: Redefining \[ on input line 2665.
LaTeX Info: Redefining \] on input line 2666.
)
(/usr/local/texlive/2015/texmf-dist/tex/latex/amscls/amsthm.sty
Package: amsthm 2015/03/04 v2.20.2
\thm@style=\toks22
\thm@bodyfont=\toks23
\thm@headfont=\toks24
\thm@notefont=\toks25
\thm@headpunct=\toks26
\thm@preskip=\skip49
\thm@postskip=\skip50
\thm@headsep=\skip51
\dth@everypar=\toks27
)
(/usr/local/texlive/2015/texmf-dist/tex/latex/tools/multicol.sty
Package: multicol 2015/03/31 v1.8m multicolumn formatting (FMi)
\c@tracingmulticols=\count106
\mult@box=\box28
\multicol@leftmargin=\dimen126
\c@unbalance=\count107
\c@collectmore=\count108
\doublecol@number=\count109
\multicoltolerance=\count110
\multicolpretolerance=\count111
\full@width=\dimen127
\page@free=\dimen128
\premulticols=\dimen129
\postmulticols=\dimen130
\multicolsep=\skip52
\multicolbaselineskip=\skip53
\partial@page=\box29
\last@line=\box30
\maxbalancingoverflow=\dimen131
\mult@rightbox=\box31
\mult@grightbox=\box32
\mult@gfirstbox=\box33
\mult@firstbox=\box34
\@tempa=\box35
\@tempa=\box36
\@tempa=\box37
\@tempa=\box38
\@tempa=\box39
\@tempa=\box40
\@tempa=\box41
\@tempa=\box42
\@tempa=\box43
\@tempa=\box44
\@tempa=\box45
\@tempa=\box46
\@tempa=\box47
\@tempa=\box48
\@tempa=\box49
\@tempa=\box50
\@tempa=\box51
\c@columnbadness=\count112
\c@finalcolumnbadness=\count113
\last@try=\dimen132
\multicolovershoot=\dimen133
\multicolundershoot=\dimen134
\mult@nat@firstbox=\box52
\colbreak@box=\box53
\mc@col@check@num=\count114
)
(/usr/local/texlive/2015/texmf-dist/tex/latex/pslatex/pslatex.sty
Package: pslatex 1996/07/24 v1.2 pslatex emulation (DPC)
LaTeX Font Info:    Redeclaring symbol font `operators' on input line 65.
LaTeX Font Info:    Overwriting symbol font `operators' in version `normal'
(Font)                  OT1/cmr/m/n --> OT1/ptmcm/m/n on input line 65.
LaTeX Font Info:    Overwriting symbol font `operators' in version `bold'
(Font)                  OT1/cmr/bx/n --> OT1/ptmcm/m/n on input line 65.
LaTeX Font Info:    Redeclaring symbol font `letters' on input line 66.
LaTeX Font Info:    Overwriting symbol font `letters' in version `normal'
(Font)                  OML/cmm/m/it --> OML/ptmcm/m/it on input line 66.
LaTeX Font Info:    Overwriting symbol font `letters' in version `bold'
(Font)                  OML/cmm/b/it --> OML/ptmcm/m/it on input line 66.
LaTeX Font Info:    Redeclaring symbol font `symbols' on input line 67.
LaTeX Font Info:    Overwriting symbol font `symbols' in version `normal'
(Font)                  OMS/cmsy/m/n --> OMS/pzccm/m/n on input line 67.
LaTeX Font Info:    Overwriting symbol font `symbols' in version `bold'
(Font)                  OMS/cmsy/b/n --> OMS/pzccm/m/n on input line 67.
LaTeX Font Info:    Redeclaring symbol font `largesymbols' on input line 68.
LaTeX Font Info:    Overwriting symbol font `largesymbols' in version `normal'
(Font)                  OMX/cmex/m/n --> OMX/psycm/m/n on input line 68.
LaTeX Font Info:    Overwriting symbol font `largesymbols' in version `bold'
(Font)                  OMX/cmex/m/n --> OMX/psycm/m/n on input line 68.
\symbold=\mathgroup6
\symitalic=\mathgroup7
LaTeX Font Info:    Redeclaring math alphabet \mathbf on input line 74.
LaTeX Font Info:    Overwriting math alphabet `\mathbf' in version `normal'
(Font)                  OT1/cmr/bx/n --> OT1/ptm/bx/n on input line 74.
LaTeX Font Info:    Overwriting math alphabet `\mathbf' in version `bold'
(Font)                  OT1/cmr/bx/n --> OT1/ptm/bx/n on input line 74.
LaTeX Font Info:    Redeclaring math alphabet \mathit on input line 75.
LaTeX Font Info:    Overwriting math alphabet `\mathit' in version `normal'
(Font)                  OT1/cmr/m/it --> OT1/ptm/m/it on input line 75.
LaTeX Font Info:    Overwriting math alphabet `\mathit' in version `bold'
(Font)                  OT1/cmr/bx/it --> OT1/ptm/m/it on input line 75.
)
(./apalike.sty
\bibhang=\skip54
)
(/usr/local/texlive/2015/texmf-dist/tex/latex/caption/caption.sty
Package: caption 2013/05/02 v3.3-89 Customizing captions (AR)

(/usr/local/texlive/2015/texmf-dist/tex/latex/caption/caption3.sty
Package: caption3 2013/05/02 v1.6-88 caption3 kernel (AR)
Package caption3 Info: TeX engine: e-TeX on input line 57.
\captionmargin=\dimen135
\captionmargin@=\dimen136
\captionwidth=\dimen137
\caption@tempdima=\dimen138
\caption@indent=\dimen139
\caption@parindent=\dimen140
\caption@hangindent=\dimen141
)
\c@ContinuedFloat=\count115
)
(/usr/local/texlive/2015/texmf-dist/tex/latex/caption/subcaption.sty
Package: subcaption 2013/02/03 v1.1-62 Sub-captions (AR)
\c@subfigure=\count116
\c@subtable=\count117
)
(./writeup2.aux

LaTeX Warning: Label `fig:animals' multiply defined.

)
\openout1 = `writeup2.aux'.

LaTeX Font Info:    Checking defaults for OML/cmm/m/it on input line 17.
LaTeX Font Info:    ... okay on input line 17.
LaTeX Font Info:    Checking defaults for T1/cmr/m/n on input line 17.
LaTeX Font Info:    ... okay on input line 17.
LaTeX Font Info:    Checking defaults for OT1/cmr/m/n on input line 17.
LaTeX Font Info:    ... okay on input line 17.
LaTeX Font Info:    Checking defaults for OMS/pzccm/m/n on input line 17.
LaTeX Font Info:    Try loading font information for OMS+pzccm on input line 17
.
 (/usr/local/texlive/2015/texmf-dist/tex/latex/psnfss/omspzccm.fd
File: omspzccm.fd 2000/01/03 Fontinst v1.801 font definitions for OMS/pzccm.
)
LaTeX Font Info:    ... okay on input line 17.
LaTeX Font Info:    Checking defaults for OMX/cmex/m/n on input line 17.
LaTeX Font Info:    ... okay on input line 17.
LaTeX Font Info:    Checking defaults for U/cmr/m/n on input line 17.
LaTeX Font Info:    ... okay on input line 17.

*geometry* driver: auto-detecting
*geometry* detected driver: pdftex
*geometry* verbose mode - [ preamble ] result:
* driver: pdftex
* paper: <default>
* layout: <same size as paper>
* layoutoffset:(h,v)=(0.0pt,0.0pt)
* modes: twoside 
* h-part:(L,W,R)=(72.26999pt, 469.75502pt, 72.26999pt)
* v-part:(T,H,B)=(72.26999pt, 650.43001pt, 72.26999pt)
* \paperwidth=614.295pt
* \paperheight=794.96999pt
* \textwidth=469.75502pt
* \textheight=650.43001pt
* \oddsidemargin=0.0pt
* \evensidemargin=0.0pt
* \topmargin=-37.0pt
* \headheight=12.0pt
* \headsep=25.0pt
* \topskip=10.0pt
* \footskip=30.0pt
* \marginparwidth=121.0pt
* \marginparsep=11.0pt
* \columnsep=10.0pt
* \skip\footins=9.0pt plus 4.0pt minus 2.0pt
* \hoffset=0.0pt
* \voffset=0.0pt
* \mag=1000
* \@twocolumnfalse
* \@twosidetrue
* \@mparswitchtrue
* \@reversemarginfalse
* (1in=72.27pt=25.4mm, 1cm=28.453pt)

(/usr/local/texlive/2015/texmf-dist/tex/context/base/supp-pdf.mkii
[Loading MPS to PDF converter (version 2006.09.02).]
\scratchcounter=\count118
\scratchdimen=\dimen142
\scratchbox=\box54
\nofMPsegments=\count119
\nofMParguments=\count120
\everyMPshowfont=\toks28
\MPscratchCnt=\count121
\MPscratchDim=\dimen143
\MPnumerator=\count122
\makeMPintoPDFobject=\count123
\everyMPtoPDFconversion=\toks29
) (/usr/local/texlive/2015/texmf-dist/tex/generic/oberdiek/pdftexcmds.sty
Package: pdftexcmds 2011/11/29 v0.20 Utility functions of pdfTeX for LuaTeX (HO
)

(/usr/local/texlive/2015/texmf-dist/tex/generic/oberdiek/ifluatex.sty
Package: ifluatex 2010/03/01 v1.3 Provides the ifluatex switch (HO)
Package ifluatex Info: LuaTeX not detected.
)
Package pdftexcmds Info: LuaTeX not detected.
Package pdftexcmds Info: \pdf@primitive is available.
Package pdftexcmds Info: \pdf@ifprimitive is available.
Package pdftexcmds Info: \pdfdraftmode found.
)
(/usr/local/texlive/2015/texmf-dist/tex/latex/oberdiek/epstopdf-base.sty
Package: epstopdf-base 2010/02/09 v2.5 Base part for package epstopdf

(/usr/local/texlive/2015/texmf-dist/tex/latex/oberdiek/grfext.sty
Package: grfext 2010/08/19 v1.1 Manage graphics extensions (HO)

(/usr/local/texlive/2015/texmf-dist/tex/generic/oberdiek/kvdefinekeys.sty
Package: kvdefinekeys 2011/04/07 v1.3 Define keys (HO)
))
(/usr/local/texlive/2015/texmf-dist/tex/latex/oberdiek/kvoptions.sty
Package: kvoptions 2011/06/30 v3.11 Key value format for package options (HO)

(/usr/local/texlive/2015/texmf-dist/tex/generic/oberdiek/kvsetkeys.sty
Package: kvsetkeys 2012/04/25 v1.16 Key value parser (HO)

(/usr/local/texlive/2015/texmf-dist/tex/generic/oberdiek/etexcmds.sty
Package: etexcmds 2011/02/16 v1.5 Avoid name clashes with e-TeX commands (HO)
Package etexcmds Info: Could not find \expanded.
(etexcmds)             That can mean that you are not using pdfTeX 1.50 or
(etexcmds)             that some package has redefined \expanded.
(etexcmds)             In the latter case, load this package earlier.
)))
Package grfext Info: Graphics extension search list:
(grfext)             [.png,.pdf,.jpg,.mps,.jpeg,.jbig2,.jb2,.PNG,.PDF,.JPG,.JPE
G,.JBIG2,.JB2,.eps]
(grfext)             \AppendGraphicsExtensions on input line 452.

(/usr/local/texlive/2015/texmf-dist/tex/latex/latexconfig/epstopdf-sys.cfg
File: epstopdf-sys.cfg 2010/07/13 v1.3 Configuration of (r)epstopdf for TeX Liv
e
))
Package caption Info: Begin \AtBeginDocument code.
Package caption Info: End \AtBeginDocument code.

! Undefined control sequence.
\@title ->6.867 Machine Learning \subtitle 
                                           {Homework 2} 
l.21 \maketitle
               
The control sequence at the end of the top line
of your error message was never \def'ed. If you have
misspelled it (e.g., `\hobx'), type `I' and the correct
spelling (e.g., `I\hbox'). Otherwise just continue,
and I'll forget about whatever was undefined.

LaTeX Font Info:    Font shape `OT1/ptm/bx/n' in size <14.4> not available
(Font)              Font shape `OT1/ptm/b/n' tried instead on input line 27.
LaTeX Font Info:    Try loading font information for OT1+ptmcm on input line 29
.
(/usr/local/texlive/2015/texmf-dist/tex/latex/psnfss/ot1ptmcm.fd
File: ot1ptmcm.fd 2000/01/03 Fontinst v1.801 font definitions for OT1/ptmcm.
)
LaTeX Font Info:    Try loading font information for OML+ptmcm on input line 29
.

(/usr/local/texlive/2015/texmf-dist/tex/latex/psnfss/omlptmcm.fd
File: omlptmcm.fd 2000/01/03 Fontinst v1.801 font definitions for OML/ptmcm.
)
LaTeX Font Info:    Try loading font information for OMX+psycm on input line 29
.

(/usr/local/texlive/2015/texmf-dist/tex/latex/psnfss/omxpsycm.fd
File: omxpsycm.fd 2000/01/03 Fontinst v1.801 font definitions for OMX/psycm.
)
LaTeX Font Info:    Try loading font information for U+msa on input line 29.

(/usr/local/texlive/2015/texmf-dist/tex/latex/amsfonts/umsa.fd
File: umsa.fd 2013/01/14 v3.01 AMS symbols A
)
LaTeX Font Info:    Try loading font information for U+msb on input line 29.

(/usr/local/texlive/2015/texmf-dist/tex/latex/amsfonts/umsb.fd
File: umsb.fd 2013/01/14 v3.01 AMS symbols B
)
LaTeX Font Info:    Font shape `OT1/ptm/bx/n' in size <10> not available
(Font)              Font shape `OT1/ptm/b/n' tried instead on input line 29.
LaTeX Font Info:    Font shape `OT1/ptm/bx/n' in size <7.4> not available
(Font)              Font shape `OT1/ptm/b/n' tried instead on input line 29.
LaTeX Font Info:    Font shape `OT1/ptm/bx/n' in size <6> not available
(Font)              Font shape `OT1/ptm/b/n' tried instead on input line 29.
LaTeX Font Info:    Font shape `OT1/ptm/bx/n' in size <12> not available
(Font)              Font shape `OT1/ptm/b/n' tried instead on input line 45.

<Figures/P1/1_1_L0.png, id=1, 578.16pt x 433.62pt>
File: Figures/P1/1_1_L0.png Graphic file (type png)
 <use Figures/P1/1_1_L0.png>
Package pdftex.def Info: Figures/P1/1_1_L0.png used on input line 52.
(pdftex.def)             Requested size: 234.8775pt x 176.15768pt.

<Figures/P1/1_1_L1.png, id=3, 578.16pt x 433.62pt>
File: Figures/P1/1_1_L1.png Graphic file (type png)
 <use Figures/P1/1_1_L1.png>
Package pdftex.def Info: Figures/P1/1_1_L1.png used on input line 57.
(pdftex.def)             Requested size: 234.8775pt x 176.15768pt.

[1

{/usr/local/texlive/2015/texmf-var/fonts/map/pdftex/updmap/pdftex.map} <./Figur
es/P1/1_1_L0.png> <./Figures/P1/1_1_L1.png>]
! Missing $ inserted.
<inserted text> 
                $
l.70 ...on has an additional parameter, intercept_
                                                  scaling, which is a factor...
I've inserted a begin-math/end-math symbol since I think
you left one out. Proceed, with fingers crossed.

! Missing $ inserted.
<inserted text> 
                $
l.70 ...model with lambda values ranging from $10^
                                                  {-5}$ to $10^5$.
I've inserted a begin-math/end-math symbol since I think
you left one out. Proceed, with fingers crossed.


Overfull \hbox (624.11777pt too wide) in paragraph at lines 70--71
\OT1/ptm/m/n/10 has an ad-di-tional pa-ram-e-ter, intercept$[]\OML/ptmcm/m/it/1
0 caling; whichisafactorbywhichtheinterceptismultipliedbytooffsettheeffectsofth
eregularization:Wesetthevalueoftheinterceptscalingtobeequaltothelambdavalue:Wet
estedboththeL\OT1/ptmcm/m/n/10 1\OML/ptmcm/m/it/10 andL\OT1/ptmcm/m/n/10 2\OML/
ptmcm/m/it/10 modelwithlambdavaluesrangingfrom$\OT1/ptm/m/n/10 10$[]$
 []

<Figures/P1/B_CERL1.png, id=17, 578.16pt x 433.62pt>
File: Figures/P1/B_CERL1.png Graphic file (type png)

<use Figures/P1/B_CERL1.png>
Package pdftex.def Info: Figures/P1/B_CERL1.png used on input line 78.
(pdftex.def)             Requested size: 234.8775pt x 176.15768pt.

<Figures/P1/B_CERL2.png, id=18, 578.16pt x 433.62pt>
File: Figures/P1/B_CERL2.png Graphic file (type png)

<use Figures/P1/B_CERL2.png>
Package pdftex.def Info: Figures/P1/B_CERL2.png used on input line 83.
(pdftex.def)             Requested size: 234.8775pt x 176.15768pt.

<Figures/P1/LR1__1.png, id=19, 578.16pt x 433.62pt>
File: Figures/P1/LR1__1.png Graphic file (type png)

<use Figures/P1/LR1__1.png>
Package pdftex.def Info: Figures/P1/LR1__1.png used on input line 95.
(pdftex.def)             Requested size: 117.43875pt x 88.07884pt.
 <Figures/P1/LR1_1.png, id=20, 578.16pt x 433.62pt>
File: Figures/P1/LR1_1.png Graphic file (type png)

<use Figures/P1/LR1_1.png>
Package pdftex.def Info: Figures/P1/LR1_1.png used on input line 101.
(pdftex.def)             Requested size: 117.43875pt x 88.07884pt.
 <Figures/P1/LR1_10.png, id=21, 578.16pt x 433.62pt>
File: Figures/P1/LR1_10.png Graphic file (type png)

<use Figures/P1/LR1_10.png>
Package pdftex.def Info: Figures/P1/LR1_10.png used on input line 107.
(pdftex.def)             Requested size: 117.43875pt x 88.07884pt.

<Figures/P1/LR1_1000.png, id=22, 578.16pt x 433.62pt>
File: Figures/P1/LR1_1000.png Graphic file (type png)

<use Figures/P1/LR1_1000.png>
Package pdftex.def Info: Figures/P1/LR1_1000.png used on input line 113.
(pdftex.def)             Requested size: 117.43875pt x 88.07884pt.


LaTeX Warning: `h' float specifier changed to `ht'.


Underfull \vbox (badness 1210) has occurred while \output is active []

 [2 <./Figures/P1/B_CERL1.png> <./Figures/P1/B_CERL2.png>] [3 <./Figures/P1/LR1
__1.png> <./Figures/P1/LR1_1.png> <./Figures/P1/LR1_10.png> <./Figures/P1/LR1_1
000.png>]
<Figures/P2/dumb.png, id=36, 578.16pt x 433.62pt>
File: Figures/P2/dumb.png Graphic file (type png)
 <use Figures/P2/dumb.png>
Package pdftex.def Info: Figures/P2/dumb.png used on input line 212.
(pdftex.def)             Requested size: 170.71652pt x 128.03589pt.

<Figures/P2/svm_data1_test_C1.png, id=37, 578.16pt x 433.62pt>
File: Figures/P2/svm_data1_test_C1.png Graphic file (type png)

<use Figures/P2/svm_data1_test_C1.png>
Package pdftex.def Info: Figures/P2/svm_data1_test_C1.png used on input line 22
5.
(pdftex.def)             Requested size: 117.43875pt x 88.07884pt.

<Figures/P2/svm_data2_test_C1.png, id=38, 578.16pt x 433.62pt>
File: Figures/P2/svm_data2_test_C1.png Graphic file (type png)

<use Figures/P2/svm_data2_test_C1.png>
Package pdftex.def Info: Figures/P2/svm_data2_test_C1.png used on input line 23
0.
(pdftex.def)             Requested size: 117.43875pt x 88.07884pt.

<Figures/P2/svm_data3_test_C1.png, id=39, 578.16pt x 433.62pt>
File: Figures/P2/svm_data3_test_C1.png Graphic file (type png)

<use Figures/P2/svm_data3_test_C1.png>
Package pdftex.def Info: Figures/P2/svm_data3_test_C1.png used on input line 23
5.
(pdftex.def)             Requested size: 117.43875pt x 88.07884pt.

<Figures/P2/svm_data4_test_C1.png, id=40, 578.16pt x 433.62pt>
File: Figures/P2/svm_data4_test_C1.png Graphic file (type png)

<use Figures/P2/svm_data4_test_C1.png>
Package pdftex.def Info: Figures/P2/svm_data4_test_C1.png used on input line 24
0.
(pdftex.def)             Requested size: 117.43875pt x 88.07884pt.
 [4 <./Figures/P2/dumb.png>]
<Figures/P2/svm_data1_test_C-2.png, id=45, 578.16pt x 433.62pt>
File: Figures/P2/svm_data1_test_C-2.png Graphic file (type png)

<use Figures/P2/svm_data1_test_C-2.png>
Package pdftex.def Info: Figures/P2/svm_data1_test_C-2.png used on input line 2
78.
(pdftex.def)             Requested size: 155.02pt x 116.26514pt.
File: Figures/P2/svm_data1_test_C1.png Graphic file (type png)
 <use Figures/P2/svm_data1_test_C1.png>
Package pdftex.def Info: Figures/P2/svm_data1_test_C1.png used on input line 28
3.
(pdftex.def)             Requested size: 155.02pt x 116.26514pt.

<Figures/P2/svm_data1_test_C100.png, id=46, 578.16pt x 433.62pt>
File: Figures/P2/svm_data1_test_C100.png Graphic file (type png)

<use Figures/P2/svm_data1_test_C100.png>
Package pdftex.def Info: Figures/P2/svm_data1_test_C100.png used on input line 
288.
(pdftex.def)             Requested size: 155.02pt x 116.26514pt.

<Figures/P2/RBF_data4_test_g1C-2.png, id=47, 578.16pt x 433.62pt>
File: Figures/P2/RBF_data4_test_g1C-2.png Graphic file (type png)

<use Figures/P2/RBF_data4_test_g1C-2.png>
Package pdftex.def Info: Figures/P2/RBF_data4_test_g1C-2.png used on input line
 297.
(pdftex.def)             Requested size: 155.02pt x 116.26514pt.

<Figures/P2/RBF_data4_test_g1C1.png, id=48, 578.16pt x 433.62pt>
File: Figures/P2/RBF_data4_test_g1C1.png Graphic file (type png)

<use Figures/P2/RBF_data4_test_g1C1.png>
Package pdftex.def Info: Figures/P2/RBF_data4_test_g1C1.png used on input line 
302.
(pdftex.def)             Requested size: 155.02pt x 116.26514pt.

<Figures/P2/RBF_data4_test_g1C100.png, id=49, 578.16pt x 433.62pt>
File: Figures/P2/RBF_data4_test_g1C100.png Graphic file (type png)

<use Figures/P2/RBF_data4_test_g1C100.png>
Package pdftex.def Info: Figures/P2/RBF_data4_test_g1C100.png used on input lin
e 307.
(pdftex.def)             Requested size: 155.02pt x 116.26514pt.


LaTeX Warning: `h' float specifier changed to `ht'.


Overfull \hbox (35.8207pt too wide) in paragraph at lines 313--316
[]\OT1/ptm/m/n/10 ======= small lamb-das pe-nal-ize the w less, which let w get
 big-ger >>>>>>> f5a6e012cde3361dfe4b260a617d8c21b0f77a3b 
 []

[5 <./Figures/P2/svm_data1_test_C1.png> <./Figures/P2/svm_data2_test_C1.png> <.
/Figures/P2/svm_data3_test_C1.png> <./Figures/P2/svm_data4_test_C1.png> <./Figu
res/P2/svm_data1_test_C-2.png> <./Figures/P2/svm_data1_test_C100.png>]
! Missing $ inserted.
<inserted text> 
                $
l.333 ...ested several values of lambda between 2^
                                                  1 and 2^-10 and found that...
I've inserted a begin-math/end-math symbol since I think
you left one out. Proceed, with fingers crossed.

! Missing $ inserted.
<inserted text> 
                $
l.334 
      
I've inserted a begin-math/end-math symbol since I think
you left one out. Proceed, with fingers crossed.

[6 <./Figures/P2/RBF_data4_test_g1C-2.png> <./Figures/P2/RBF_data4_test_g1C1.pn
g> <./Figures/P2/RBF_data4_test_g1C100.png>] (./writeup2.aux)

LaTeX Warning: There were multiply-defined labels.

 ) 
Here is how much of TeX's memory you used:
 4581 strings out of 493089
 68558 string characters out of 6134842
 139996 words of memory out of 5000000
 7958 multiletter control sequences out of 15000+600000
 30136 words of font info for 64 fonts, out of 8000000 for 9000
 1141 hyphenation exceptions out of 8191
 38i,14n,38p,959b,454s stack positions out of 5000i,500n,10000p,200000b,80000s
{/usr/local/texlive/2015/texmf-dist/fonts/enc/dvips/base/8r.enc}</usr/local/t
exlive/2015/texmf-dist/fonts/type1/public/amsfonts/cm/cmmi10.pfb></usr/local/te
xlive/2015/texmf-dist/fonts/type1/public/amsfonts/cm/cmr10.pfb></usr/local/texl
ive/2015/texmf-dist/fonts/type1/public/amsfonts/cm/cmsy10.pfb></usr/local/texli
ve/2015/texmf-dist/fonts/type1/urw/symbol/usyr.pfb></usr/local/texlive/2015/tex
mf-dist/fonts/type1/urw/times/utmb8a.pfb></usr/local/texlive/2015/texmf-dist/fo
nts/type1/urw/times/utmr8a.pfb></usr/local/texlive/2015/texmf-dist/fonts/type1/
urw/times/utmri8a.pfb>
Output written on writeup2.pdf (6 pages, 1146408 bytes).
PDF statistics:
 89 PDF objects out of 1000 (max. 8388607)
 37 compressed objects within 1 object stream
 0 named destinations out of 1000 (max. 500000)
 91 words of extra memory for PDF output out of 10000 (max. 10000000)

